[2026-01-06T18:12:39.235+0000] {manager.py:487} INFO - Processing files using up to 2 processes at a time 
[2026-01-06T18:12:39.236+0000] {manager.py:488} INFO - Process each file at most once every 30 seconds
[2026-01-06T18:12:39.236+0000] {manager.py:489} INFO - Checking for new files in /opt/airflow/dags every 300 seconds
[2026-01-06T18:12:39.237+0000] {manager.py:759} INFO - Searching for files in /opt/airflow/dags
[2026-01-06T18:12:39.239+0000] {manager.py:762} INFO - There are 0 files in /opt/airflow/dags
[2026-01-06T18:14:34.610+0000] {manager.py:469} INFO - Exiting gracefully upon receiving signal 15
[2026-01-06T18:14:57.613+0000] {manager.py:487} INFO - Processing files using up to 2 processes at a time 
[2026-01-06T18:14:57.614+0000] {manager.py:488} INFO - Process each file at most once every 30 seconds
[2026-01-06T18:14:57.614+0000] {manager.py:489} INFO - Checking for new files in /opt/airflow/dags every 300 seconds
[2026-01-06T18:14:57.615+0000] {manager.py:759} INFO - Searching for files in /opt/airflow/dags
[2026-01-06T18:14:57.616+0000] {manager.py:762} INFO - There are 0 files in /opt/airflow/dags
[2026-01-06T18:19:02.144+0000] {manager.py:487} INFO - Processing files using up to 2 processes at a time 
[2026-01-06T18:19:02.145+0000] {manager.py:488} INFO - Process each file at most once every 30 seconds
[2026-01-06T18:19:02.145+0000] {manager.py:489} INFO - Checking for new files in /opt/airflow/dags every 300 seconds
[2026-01-06T18:19:02.145+0000] {manager.py:759} INFO - Searching for files in /opt/airflow/dags
[2026-01-06T18:19:02.153+0000] {manager.py:762} INFO - There are 0 files in /opt/airflow/dags
[2026-01-06T18:23:04.734+0000] {manager.py:469} INFO - Exiting gracefully upon receiving signal 15
[2026-01-06T18:23:22.061+0000] {manager.py:487} INFO - Processing files using up to 2 processes at a time 
[2026-01-06T18:23:22.061+0000] {manager.py:488} INFO - Process each file at most once every 30 seconds
[2026-01-06T18:23:22.061+0000] {manager.py:489} INFO - Checking for new files in /opt/airflow/dags every 300 seconds
[2026-01-06T18:23:22.062+0000] {manager.py:759} INFO - Searching for files in /opt/airflow/dags
[2026-01-06T18:23:22.064+0000] {manager.py:762} INFO - There are 0 files in /opt/airflow/dags
[2026-01-06T18:26:53.054+0000] {manager.py:469} INFO - Exiting gracefully upon receiving signal 15
[2026-01-06T18:27:08.858+0000] {manager.py:487} INFO - Processing files using up to 2 processes at a time 
[2026-01-06T18:27:08.859+0000] {manager.py:488} INFO - Process each file at most once every 30 seconds
[2026-01-06T18:27:08.859+0000] {manager.py:489} INFO - Checking for new files in /opt/airflow/dags every 300 seconds
[2026-01-06T18:27:08.859+0000] {manager.py:759} INFO - Searching for files in /opt/airflow/dags
[2026-01-06T18:27:08.860+0000] {manager.py:762} INFO - There are 0 files in /opt/airflow/dags
[2026-01-06T18:29:42.934+0000] {manager.py:469} INFO - Exiting gracefully upon receiving signal 15
[2026-01-06T18:30:05.529+0000] {manager.py:487} INFO - Processing files using up to 2 processes at a time 
[2026-01-06T18:30:05.533+0000] {manager.py:488} INFO - Process each file at most once every 30 seconds
[2026-01-06T18:30:05.533+0000] {manager.py:489} INFO - Checking for new files in /opt/airflow/dags every 300 seconds
[2026-01-06T18:30:05.534+0000] {manager.py:759} INFO - Searching for files in /opt/airflow/dags
[2026-01-06T18:30:05.541+0000] {manager.py:762} INFO - There are 0 files in /opt/airflow/dags
[2026-01-06T18:32:24.060+0000] {manager.py:469} INFO - Exiting gracefully upon receiving signal 15
[2026-01-06T18:32:39.658+0000] {manager.py:487} INFO - Processing files using up to 2 processes at a time 
[2026-01-06T18:32:39.658+0000] {manager.py:488} INFO - Process each file at most once every 30 seconds
[2026-01-06T18:32:39.659+0000] {manager.py:489} INFO - Checking for new files in /opt/airflow/dags every 300 seconds
[2026-01-06T18:32:39.659+0000] {manager.py:759} INFO - Searching for files in /opt/airflow/dags
[2026-01-06T18:32:39.661+0000] {manager.py:762} INFO - There are 0 files in /opt/airflow/dags
[2026-01-06T18:37:36.097+0000] {manager.py:469} INFO - Exiting gracefully upon receiving signal 15
[2026-01-06T18:37:52.968+0000] {manager.py:487} INFO - Processing files using up to 2 processes at a time 
[2026-01-06T18:37:53.003+0000] {manager.py:488} INFO - Process each file at most once every 30 seconds
[2026-01-06T18:37:53.006+0000] {manager.py:489} INFO - Checking for new files in /opt/airflow/dags every 300 seconds
[2026-01-06T18:37:53.013+0000] {manager.py:759} INFO - Searching for files in /opt/airflow/dags
[2026-01-06T18:37:53.069+0000] {manager.py:762} INFO - There are 0 files in /opt/airflow/dags
[2026-01-06T18:42:53.817+0000] {manager.py:759} INFO - Searching for files in /opt/airflow/dags
[2026-01-06T18:42:53.840+0000] {manager.py:762} INFO - There are 0 files in /opt/airflow/dags
[2026-01-06T18:47:54.810+0000] {manager.py:759} INFO - Searching for files in /opt/airflow/dags
[2026-01-06T18:47:54.839+0000] {manager.py:762} INFO - There are 0 files in /opt/airflow/dags
[2026-01-06T18:52:55.126+0000] {manager.py:759} INFO - Searching for files in /opt/airflow/dags
[2026-01-06T18:52:55.143+0000] {manager.py:762} INFO - There are 0 files in /opt/airflow/dags
[2026-01-06T18:57:55.716+0000] {manager.py:759} INFO - Searching for files in /opt/airflow/dags
[2026-01-06T18:57:55.738+0000] {manager.py:762} INFO - There are 0 files in /opt/airflow/dags
[2026-01-06T19:02:56.344+0000] {manager.py:759} INFO - Searching for files in /opt/airflow/dags
[2026-01-06T19:02:56.374+0000] {manager.py:762} INFO - There are 0 files in /opt/airflow/dags
[2026-01-06T19:07:56.953+0000] {manager.py:759} INFO - Searching for files in /opt/airflow/dags
[2026-01-06T19:07:56.960+0000] {manager.py:762} INFO - There are 0 files in /opt/airflow/dags
[2026-01-06T19:12:57.611+0000] {manager.py:759} INFO - Searching for files in /opt/airflow/dags
[2026-01-06T19:12:57.623+0000] {manager.py:762} INFO - There are 0 files in /opt/airflow/dags
[2026-01-06T19:17:57.861+0000] {manager.py:759} INFO - Searching for files in /opt/airflow/dags
[2026-01-06T19:17:57.888+0000] {manager.py:762} INFO - There are 0 files in /opt/airflow/dags
[2026-01-06T19:22:58.155+0000] {manager.py:759} INFO - Searching for files in /opt/airflow/dags
[2026-01-06T19:22:58.181+0000] {manager.py:762} INFO - There are 0 files in /opt/airflow/dags
[2026-01-06T19:27:59.152+0000] {manager.py:759} INFO - Searching for files in /opt/airflow/dags
[2026-01-06T19:27:59.175+0000] {manager.py:762} INFO - There are 0 files in /opt/airflow/dags
[2026-01-06T19:32:59.169+0000] {manager.py:759} INFO - Searching for files in /opt/airflow/dags
[2026-01-06T19:32:59.193+0000] {manager.py:762} INFO - There are 0 files in /opt/airflow/dags
[2026-01-06T19:37:59.602+0000] {manager.py:759} INFO - Searching for files in /opt/airflow/dags
[2026-01-06T19:38:07.583+0000] {manager.py:762} INFO - There are 0 files in /opt/airflow/dags
[2026-01-06T19:43:00.401+0000] {manager.py:759} INFO - Searching for files in /opt/airflow/dags
[2026-01-06T19:43:00.474+0000] {manager.py:762} INFO - There are 0 files in /opt/airflow/dags
[2026-01-08T11:39:04.649+0000] {manager.py:487} INFO - Processing files using up to 2 processes at a time 
[2026-01-08T11:39:04.650+0000] {manager.py:488} INFO - Process each file at most once every 30 seconds
[2026-01-08T11:39:04.651+0000] {manager.py:489} INFO - Checking for new files in /opt/airflow/dags every 300 seconds
[2026-01-08T11:39:04.651+0000] {manager.py:759} INFO - Searching for files in /opt/airflow/dags
[2026-01-08T11:39:04.653+0000] {manager.py:762} INFO - There are 0 files in /opt/airflow/dags
[2026-01-08T11:44:05.367+0000] {manager.py:759} INFO - Searching for files in /opt/airflow/dags
[2026-01-08T11:44:05.403+0000] {manager.py:762} INFO - There are 0 files in /opt/airflow/dags
[2026-01-08T11:49:06.253+0000] {manager.py:759} INFO - Searching for files in /opt/airflow/dags
[2026-01-08T11:49:06.279+0000] {manager.py:762} INFO - There are 0 files in /opt/airflow/dags
[2026-01-08T11:54:06.834+0000] {manager.py:759} INFO - Searching for files in /opt/airflow/dags
[2026-01-08T11:54:06.847+0000] {manager.py:762} INFO - There are 0 files in /opt/airflow/dags
[2026-01-08T11:56:53.175+0000] {manager.py:487} INFO - Processing files using up to 2 processes at a time 
[2026-01-08T11:56:53.176+0000] {manager.py:488} INFO - Process each file at most once every 30 seconds
[2026-01-08T11:56:53.177+0000] {manager.py:489} INFO - Checking for new files in /opt/airflow/dags every 300 seconds
[2026-01-08T11:56:53.178+0000] {manager.py:759} INFO - Searching for files in /opt/airflow/dags
[2026-01-08T11:56:53.186+0000] {manager.py:762} INFO - There are 0 files in /opt/airflow/dags
[2026-01-08T12:01:53.695+0000] {manager.py:759} INFO - Searching for files in /opt/airflow/dags
[2026-01-08T12:01:53.719+0000] {manager.py:762} INFO - There are 0 files in /opt/airflow/dags
[2026-01-08T13:10:02.898+0000] {manager.py:759} INFO - Searching for files in /opt/airflow/dags
[2026-01-08T13:10:02.955+0000] {manager.py:762} INFO - There are 0 files in /opt/airflow/dags
[2026-01-08T15:05:48.228+0000] {manager.py:759} INFO - Searching for files in /opt/airflow/dags
[2026-01-08T15:05:48.242+0000] {manager.py:762} INFO - There are 0 files in /opt/airflow/dags
[2026-01-08T18:08:41.907+0000] {manager.py:759} INFO - Searching for files in /opt/airflow/dags
[2026-01-08T18:08:41.921+0000] {manager.py:762} INFO - There are 0 files in /opt/airflow/dags
[2026-01-08T20:10:39.262+0000] {manager.py:759} INFO - Searching for files in /opt/airflow/dags
[2026-01-08T20:10:39.274+0000] {manager.py:762} INFO - There are 0 files in /opt/airflow/dags
[2026-01-08T22:12:39.261+0000] {manager.py:759} INFO - Searching for files in /opt/airflow/dags
[2026-01-08T22:12:39.292+0000] {manager.py:762} INFO - There are 0 files in /opt/airflow/dags
[2026-01-08T23:13:39.190+0000] {manager.py:759} INFO - Searching for files in /opt/airflow/dags
[2026-01-08T23:13:39.197+0000] {manager.py:762} INFO - There are 0 files in /opt/airflow/dags
[2026-01-09T01:15:33.714+0000] {manager.py:759} INFO - Searching for files in /opt/airflow/dags
[2026-01-09T01:15:33.726+0000] {manager.py:762} INFO - There are 0 files in /opt/airflow/dags
[2026-01-09T02:46:39.585+0000] {manager.py:759} INFO - Searching for files in /opt/airflow/dags
[2026-01-09T02:46:39.592+0000] {manager.py:762} INFO - There are 0 files in /opt/airflow/dags
[2026-01-09T02:52:17.814+0000] {manager.py:759} INFO - Searching for files in /opt/airflow/dags
[2026-01-09T02:52:17.835+0000] {manager.py:762} INFO - There are 0 files in /opt/airflow/dags
[2026-01-09T03:01:34.517+0000] {manager.py:759} INFO - Searching for files in /opt/airflow/dags
[2026-01-09T03:01:34.524+0000] {manager.py:762} INFO - There are 0 files in /opt/airflow/dags
[2026-01-09T03:21:08.555+0000] {manager.py:759} INFO - Searching for files in /opt/airflow/dags
[2026-01-09T03:21:08.566+0000] {manager.py:762} INFO - There are 0 files in /opt/airflow/dags
[2026-01-09T03:28:32.706+0000] {manager.py:759} INFO - Searching for files in /opt/airflow/dags
[2026-01-09T03:28:32.714+0000] {manager.py:762} INFO - There are 0 files in /opt/airflow/dags
[2026-01-09T03:33:33.157+0000] {manager.py:759} INFO - Searching for files in /opt/airflow/dags
[2026-01-09T03:33:33.165+0000] {manager.py:762} INFO - There are 0 files in /opt/airflow/dags
[2026-01-09T03:39:05.472+0000] {manager.py:759} INFO - Searching for files in /opt/airflow/dags
[2026-01-09T03:39:05.503+0000] {manager.py:762} INFO - There are 0 files in /opt/airflow/dags
[2026-01-09T03:44:05.524+0000] {manager.py:759} INFO - Searching for files in /opt/airflow/dags
[2026-01-09T03:44:05.544+0000] {manager.py:762} INFO - There are 0 files in /opt/airflow/dags
[2026-01-09T03:49:06.366+0000] {manager.py:759} INFO - Searching for files in /opt/airflow/dags
[2026-01-09T03:49:06.385+0000] {manager.py:762} INFO - There are 0 files in /opt/airflow/dags
[2026-01-09T03:54:06.422+0000] {manager.py:759} INFO - Searching for files in /opt/airflow/dags
[2026-01-09T03:54:06.430+0000] {manager.py:762} INFO - There are 0 files in /opt/airflow/dags
[2026-01-09T03:59:07.350+0000] {manager.py:759} INFO - Searching for files in /opt/airflow/dags
[2026-01-09T03:59:07.363+0000] {manager.py:762} INFO - There are 0 files in /opt/airflow/dags
[2026-01-09T04:04:07.460+0000] {manager.py:759} INFO - Searching for files in /opt/airflow/dags
[2026-01-09T04:04:07.474+0000] {manager.py:762} INFO - There are 0 files in /opt/airflow/dags
[2026-01-09T04:09:08.332+0000] {manager.py:759} INFO - Searching for files in /opt/airflow/dags
[2026-01-09T04:09:08.358+0000] {manager.py:762} INFO - There are 0 files in /opt/airflow/dags
[2026-01-09T04:14:09.154+0000] {manager.py:759} INFO - Searching for files in /opt/airflow/dags
[2026-01-09T04:14:09.166+0000] {manager.py:762} INFO - There are 0 files in /opt/airflow/dags
[2026-01-09T04:19:09.495+0000] {manager.py:759} INFO - Searching for files in /opt/airflow/dags
[2026-01-09T04:19:09.509+0000] {manager.py:762} INFO - There are 0 files in /opt/airflow/dags
[2026-01-09T04:24:09.684+0000] {manager.py:759} INFO - Searching for files in /opt/airflow/dags
[2026-01-09T04:24:09.702+0000] {manager.py:762} INFO - There are 0 files in /opt/airflow/dags
[2026-01-09T04:29:10.080+0000] {manager.py:759} INFO - Searching for files in /opt/airflow/dags
[2026-01-09T04:29:10.093+0000] {manager.py:762} INFO - There are 0 files in /opt/airflow/dags
[2026-01-09T04:34:10.809+0000] {manager.py:759} INFO - Searching for files in /opt/airflow/dags
[2026-01-09T04:34:10.829+0000] {manager.py:762} INFO - There are 0 files in /opt/airflow/dags
[2026-01-09T04:39:11.097+0000] {manager.py:759} INFO - Searching for files in /opt/airflow/dags
[2026-01-09T04:39:11.122+0000] {manager.py:762} INFO - There are 0 files in /opt/airflow/dags
[2026-01-09T04:44:11.188+0000] {manager.py:759} INFO - Searching for files in /opt/airflow/dags
[2026-01-09T04:44:11.261+0000] {manager.py:762} INFO - There are 0 files in /opt/airflow/dags
[2026-01-09T04:49:11.568+0000] {manager.py:759} INFO - Searching for files in /opt/airflow/dags
[2026-01-09T04:49:11.587+0000] {manager.py:762} INFO - There are 0 files in /opt/airflow/dags
[2026-01-09T04:54:11.847+0000] {manager.py:759} INFO - Searching for files in /opt/airflow/dags
[2026-01-09T04:54:11.864+0000] {manager.py:762} INFO - There are 0 files in /opt/airflow/dags
[2026-01-09T04:59:12.343+0000] {manager.py:759} INFO - Searching for files in /opt/airflow/dags
[2026-01-09T04:59:12.360+0000] {manager.py:762} INFO - There are 0 files in /opt/airflow/dags
[2026-01-09T05:30:39.579+0000] {manager.py:759} INFO - Searching for files in /opt/airflow/dags
[2026-01-09T05:30:39.595+0000] {manager.py:762} INFO - There are 0 files in /opt/airflow/dags
[2026-01-09T06:01:10.410+0000] {manager.py:759} INFO - Searching for files in /opt/airflow/dags
[2026-01-09T06:01:10.429+0000] {manager.py:762} INFO - There are 0 files in /opt/airflow/dags
[2026-01-09T07:01:24.306+0000] {manager.py:759} INFO - Searching for files in /opt/airflow/dags
[2026-01-09T07:01:24.321+0000] {manager.py:762} INFO - There are 0 files in /opt/airflow/dags
[2026-01-09T11:01:02.171+0000] {manager.py:759} INFO - Searching for files in /opt/airflow/dags
[2026-01-09T11:01:02.180+0000] {manager.py:762} INFO - There are 0 files in /opt/airflow/dags
[2026-01-09T11:36:15.162+0000] {manager.py:759} INFO - Searching for files in /opt/airflow/dags
[2026-01-09T11:36:15.170+0000] {manager.py:762} INFO - There are 0 files in /opt/airflow/dags
[2026-01-09T12:09:12.104+0000] {manager.py:759} INFO - Searching for files in /opt/airflow/dags
[2026-01-09T12:09:12.111+0000] {manager.py:762} INFO - There are 0 files in /opt/airflow/dags
[2026-01-09T12:28:19.566+0000] {manager.py:759} INFO - Searching for files in /opt/airflow/dags
[2026-01-09T12:28:19.578+0000] {manager.py:762} INFO - There are 0 files in /opt/airflow/dags
[2026-01-09T12:40:36.395+0000] {manager.py:759} INFO - Searching for files in /opt/airflow/dags
[2026-01-09T12:40:36.416+0000] {manager.py:762} INFO - There are 0 files in /opt/airflow/dags
[2026-01-09T13:02:16.502+0000] {manager.py:759} INFO - Searching for files in /opt/airflow/dags
[2026-01-09T13:02:16.510+0000] {manager.py:762} INFO - There are 0 files in /opt/airflow/dags
[2026-01-09T13:17:47.117+0000] {manager.py:759} INFO - Searching for files in /opt/airflow/dags
[2026-01-09T13:17:47.133+0000] {manager.py:762} INFO - There are 0 files in /opt/airflow/dags
[2026-01-09T13:27:16.116+0000] {manager.py:759} INFO - Searching for files in /opt/airflow/dags
[2026-01-09T13:27:16.129+0000] {manager.py:762} INFO - There are 0 files in /opt/airflow/dags
[2026-01-09T13:32:17.019+0000] {manager.py:759} INFO - Searching for files in /opt/airflow/dags
[2026-01-09T13:32:17.042+0000] {manager.py:762} INFO - There are 0 files in /opt/airflow/dags
[2026-01-09T13:38:44.245+0000] {manager.py:759} INFO - Searching for files in /opt/airflow/dags
[2026-01-09T13:38:44.266+0000] {manager.py:762} INFO - There are 0 files in /opt/airflow/dags
[2026-01-09T13:43:54.109+0000] {manager.py:759} INFO - Searching for files in /opt/airflow/dags
[2026-01-09T13:43:54.134+0000] {manager.py:762} INFO - There are 0 files in /opt/airflow/dags
[2026-01-09T13:48:54.842+0000] {manager.py:759} INFO - Searching for files in /opt/airflow/dags
[2026-01-09T13:48:54.859+0000] {manager.py:762} INFO - There are 0 files in /opt/airflow/dags
[2026-01-09T13:53:55.135+0000] {manager.py:759} INFO - Searching for files in /opt/airflow/dags
[2026-01-09T13:53:55.153+0000] {manager.py:762} INFO - There are 0 files in /opt/airflow/dags
[2026-01-09T13:58:55.943+0000] {manager.py:759} INFO - Searching for files in /opt/airflow/dags
[2026-01-09T13:58:55.970+0000] {manager.py:762} INFO - There are 0 files in /opt/airflow/dags
[2026-01-09T14:03:55.993+0000] {manager.py:759} INFO - Searching for files in /opt/airflow/dags
[2026-01-09T14:03:56.008+0000] {manager.py:762} INFO - There are 0 files in /opt/airflow/dags
[2026-01-09T14:08:56.123+0000] {manager.py:759} INFO - Searching for files in /opt/airflow/dags
[2026-01-09T14:08:56.141+0000] {manager.py:762} INFO - There are 0 files in /opt/airflow/dags
[2026-01-09T14:13:56.643+0000] {manager.py:759} INFO - Searching for files in /opt/airflow/dags
[2026-01-09T14:13:56.661+0000] {manager.py:762} INFO - There are 0 files in /opt/airflow/dags
[2026-01-09T14:18:57.609+0000] {manager.py:759} INFO - Searching for files in /opt/airflow/dags
[2026-01-09T14:18:57.631+0000] {manager.py:762} INFO - There are 0 files in /opt/airflow/dags
[2026-01-09T14:23:57.872+0000] {manager.py:759} INFO - Searching for files in /opt/airflow/dags
[2026-01-09T14:23:57.891+0000] {manager.py:762} INFO - There are 0 files in /opt/airflow/dags
[2026-01-09T14:28:58.380+0000] {manager.py:759} INFO - Searching for files in /opt/airflow/dags
[2026-01-09T14:28:58.396+0000] {manager.py:762} INFO - There are 0 files in /opt/airflow/dags
[2026-01-09T14:33:58.678+0000] {manager.py:759} INFO - Searching for files in /opt/airflow/dags
[2026-01-09T14:33:58.694+0000] {manager.py:762} INFO - There are 0 files in /opt/airflow/dags
[2026-01-09T14:38:58.982+0000] {manager.py:759} INFO - Searching for files in /opt/airflow/dags
[2026-01-09T14:38:59.001+0000] {manager.py:762} INFO - There are 0 files in /opt/airflow/dags
[2026-01-09T14:43:59.786+0000] {manager.py:759} INFO - Searching for files in /opt/airflow/dags
[2026-01-09T14:43:59.806+0000] {manager.py:762} INFO - There are 0 files in /opt/airflow/dags
[2026-01-09T14:49:00.077+0000] {manager.py:759} INFO - Searching for files in /opt/airflow/dags
[2026-01-09T14:49:00.090+0000] {manager.py:762} INFO - There are 0 files in /opt/airflow/dags
[2026-01-09T14:54:01.075+0000] {manager.py:759} INFO - Searching for files in /opt/airflow/dags
[2026-01-09T14:54:01.087+0000] {manager.py:762} INFO - There are 0 files in /opt/airflow/dags
[2026-01-09T14:59:01.108+0000] {manager.py:759} INFO - Searching for files in /opt/airflow/dags
[2026-01-09T14:59:01.128+0000] {manager.py:762} INFO - There are 0 files in /opt/airflow/dags
[2026-01-09T15:04:01.530+0000] {manager.py:759} INFO - Searching for files in /opt/airflow/dags
[2026-01-09T15:04:01.547+0000] {manager.py:762} INFO - There are 0 files in /opt/airflow/dags
[2026-01-09T15:09:01.646+0000] {manager.py:759} INFO - Searching for files in /opt/airflow/dags
[2026-01-09T15:09:01.675+0000] {manager.py:762} INFO - There are 0 files in /opt/airflow/dags
[2026-01-09T15:14:02.558+0000] {manager.py:759} INFO - Searching for files in /opt/airflow/dags
[2026-01-09T15:14:02.575+0000] {manager.py:762} INFO - There are 0 files in /opt/airflow/dags
[2026-01-09T15:19:03.038+0000] {manager.py:759} INFO - Searching for files in /opt/airflow/dags
[2026-01-09T15:19:03.060+0000] {manager.py:762} INFO - There are 0 files in /opt/airflow/dags
[2026-01-09T15:24:03.907+0000] {manager.py:759} INFO - Searching for files in /opt/airflow/dags
[2026-01-09T15:24:03.919+0000] {manager.py:762} INFO - There are 0 files in /opt/airflow/dags
[2026-01-09T15:29:04.763+0000] {manager.py:759} INFO - Searching for files in /opt/airflow/dags
[2026-01-09T15:29:04.783+0000] {manager.py:762} INFO - There are 0 files in /opt/airflow/dags
[2026-01-09T15:34:05.138+0000] {manager.py:759} INFO - Searching for files in /opt/airflow/dags
[2026-01-09T15:34:05.160+0000] {manager.py:762} INFO - There are 0 files in /opt/airflow/dags
[2026-01-09T15:39:05.169+0000] {manager.py:759} INFO - Searching for files in /opt/airflow/dags
[2026-01-09T15:39:05.181+0000] {manager.py:762} INFO - There are 0 files in /opt/airflow/dags
[2026-01-09T15:44:05.373+0000] {manager.py:759} INFO - Searching for files in /opt/airflow/dags
[2026-01-09T15:44:05.389+0000] {manager.py:762} INFO - There are 0 files in /opt/airflow/dags
[2026-01-09T15:49:05.672+0000] {manager.py:759} INFO - Searching for files in /opt/airflow/dags
[2026-01-09T15:49:05.689+0000] {manager.py:762} INFO - There are 0 files in /opt/airflow/dags
[2026-01-09T15:54:06.008+0000] {manager.py:759} INFO - Searching for files in /opt/airflow/dags
[2026-01-09T15:54:06.028+0000] {manager.py:762} INFO - There are 0 files in /opt/airflow/dags
[2026-01-09T15:59:06.585+0000] {manager.py:759} INFO - Searching for files in /opt/airflow/dags
[2026-01-09T15:59:06.619+0000] {manager.py:762} INFO - There are 0 files in /opt/airflow/dags
[2026-01-09T16:04:06.712+0000] {manager.py:759} INFO - Searching for files in /opt/airflow/dags
[2026-01-09T16:04:06.722+0000] {manager.py:762} INFO - There are 0 files in /opt/airflow/dags
[2026-01-09T16:09:07.712+0000] {manager.py:759} INFO - Searching for files in /opt/airflow/dags
[2026-01-09T16:09:07.733+0000] {manager.py:762} INFO - There are 0 files in /opt/airflow/dags
[2026-01-09T16:14:07.913+0000] {manager.py:759} INFO - Searching for files in /opt/airflow/dags
[2026-01-09T16:14:07.924+0000] {manager.py:762} INFO - There are 0 files in /opt/airflow/dags
[2026-01-09T16:19:08.313+0000] {manager.py:759} INFO - Searching for files in /opt/airflow/dags
[2026-01-09T16:19:08.326+0000] {manager.py:762} INFO - There are 0 files in /opt/airflow/dags
[2026-01-09T16:24:08.379+0000] {manager.py:759} INFO - Searching for files in /opt/airflow/dags
[2026-01-09T16:24:08.399+0000] {manager.py:762} INFO - There are 0 files in /opt/airflow/dags
[2026-01-09T16:29:08.548+0000] {manager.py:759} INFO - Searching for files in /opt/airflow/dags
[2026-01-09T16:29:08.566+0000] {manager.py:762} INFO - There are 0 files in /opt/airflow/dags
[2026-01-09T16:34:09.428+0000] {manager.py:759} INFO - Searching for files in /opt/airflow/dags
[2026-01-09T16:34:09.580+0000] {manager.py:762} INFO - There are 0 files in /opt/airflow/dags
[2026-01-09T16:42:29.023+0000] {manager.py:759} INFO - Searching for files in /opt/airflow/dags
[2026-01-09T16:42:29.047+0000] {manager.py:762} INFO - There are 0 files in /opt/airflow/dags
[2026-01-09T16:47:29.747+0000] {manager.py:759} INFO - Searching for files in /opt/airflow/dags
[2026-01-09T16:47:29.761+0000] {manager.py:762} INFO - There are 0 files in /opt/airflow/dags
[2026-01-09T17:02:59.923+0000] {manager.py:759} INFO - Searching for files in /opt/airflow/dags
[2026-01-09T17:02:59.942+0000] {manager.py:762} INFO - There are 0 files in /opt/airflow/dags
[2026-01-09T17:12:25.815+0000] {manager.py:759} INFO - Searching for files in /opt/airflow/dags
[2026-01-09T17:12:25.835+0000] {manager.py:762} INFO - There are 0 files in /opt/airflow/dags
[2026-01-09T17:30:54.628+0000] {manager.py:759} INFO - Searching for files in /opt/airflow/dags
[2026-01-09T17:30:54.640+0000] {manager.py:762} INFO - There are 0 files in /opt/airflow/dags
[2026-01-09T17:35:55.285+0000] {manager.py:759} INFO - Searching for files in /opt/airflow/dags
[2026-01-09T17:35:55.309+0000] {manager.py:762} INFO - There are 0 files in /opt/airflow/dags
[2026-01-09T17:40:56.248+0000] {manager.py:759} INFO - Searching for files in /opt/airflow/dags
[2026-01-09T17:40:56.263+0000] {manager.py:762} INFO - There are 0 files in /opt/airflow/dags
[2026-01-09T17:45:56.847+0000] {manager.py:759} INFO - Searching for files in /opt/airflow/dags
[2026-01-09T17:45:56.863+0000] {manager.py:762} INFO - There are 0 files in /opt/airflow/dags
[2026-01-09T17:50:57.837+0000] {manager.py:759} INFO - Searching for files in /opt/airflow/dags
[2026-01-09T17:50:57.850+0000] {manager.py:762} INFO - There are 0 files in /opt/airflow/dags
[2026-01-09T17:55:57.976+0000] {manager.py:759} INFO - Searching for files in /opt/airflow/dags
[2026-01-09T17:55:57.989+0000] {manager.py:762} INFO - There are 0 files in /opt/airflow/dags
[2026-01-09T18:00:58.215+0000] {manager.py:759} INFO - Searching for files in /opt/airflow/dags
[2026-01-09T18:00:58.232+0000] {manager.py:762} INFO - There are 0 files in /opt/airflow/dags
[2026-01-09T18:05:58.711+0000] {manager.py:759} INFO - Searching for files in /opt/airflow/dags
[2026-01-09T18:05:58.727+0000] {manager.py:762} INFO - There are 0 files in /opt/airflow/dags
[2026-01-09T18:10:58.870+0000] {manager.py:759} INFO - Searching for files in /opt/airflow/dags
[2026-01-09T18:10:58.879+0000] {manager.py:762} INFO - There are 0 files in /opt/airflow/dags
[2026-01-09T18:15:59.077+0000] {manager.py:759} INFO - Searching for files in /opt/airflow/dags
[2026-01-09T18:15:59.103+0000] {manager.py:762} INFO - There are 0 files in /opt/airflow/dags
[2026-01-09T18:20:59.387+0000] {manager.py:759} INFO - Searching for files in /opt/airflow/dags
[2026-01-09T18:20:59.401+0000] {manager.py:762} INFO - There are 0 files in /opt/airflow/dags
[2026-01-09T18:25:59.615+0000] {manager.py:759} INFO - Searching for files in /opt/airflow/dags
[2026-01-09T18:25:59.630+0000] {manager.py:762} INFO - There are 0 files in /opt/airflow/dags
[2026-01-09T18:31:00.485+0000] {manager.py:759} INFO - Searching for files in /opt/airflow/dags
[2026-01-09T18:31:00.498+0000] {manager.py:762} INFO - There are 0 files in /opt/airflow/dags
[2026-01-09T18:36:01.450+0000] {manager.py:759} INFO - Searching for files in /opt/airflow/dags
[2026-01-09T18:36:01.467+0000] {manager.py:762} INFO - There are 0 files in /opt/airflow/dags
[2026-01-09T18:41:01.894+0000] {manager.py:759} INFO - Searching for files in /opt/airflow/dags
[2026-01-09T18:41:01.917+0000] {manager.py:762} INFO - There are 0 files in /opt/airflow/dags
[2026-01-09T18:46:02.896+0000] {manager.py:759} INFO - Searching for files in /opt/airflow/dags
[2026-01-09T18:46:02.911+0000] {manager.py:762} INFO - There are 0 files in /opt/airflow/dags
[2026-01-09T18:51:03.079+0000] {manager.py:759} INFO - Searching for files in /opt/airflow/dags
[2026-01-09T18:51:03.095+0000] {manager.py:762} INFO - There are 0 files in /opt/airflow/dags
[2026-01-09T18:56:03.793+0000] {manager.py:759} INFO - Searching for files in /opt/airflow/dags
[2026-01-09T18:56:03.806+0000] {manager.py:762} INFO - There are 0 files in /opt/airflow/dags
[2026-01-09T19:01:04.743+0000] {manager.py:759} INFO - Searching for files in /opt/airflow/dags
[2026-01-09T19:01:04.755+0000] {manager.py:762} INFO - There are 0 files in /opt/airflow/dags
[2026-01-09T19:06:05.642+0000] {manager.py:759} INFO - Searching for files in /opt/airflow/dags
[2026-01-09T19:06:05.655+0000] {manager.py:762} INFO - There are 0 files in /opt/airflow/dags
[2026-01-09T19:11:06.464+0000] {manager.py:759} INFO - Searching for files in /opt/airflow/dags
[2026-01-09T19:11:06.479+0000] {manager.py:762} INFO - There are 0 files in /opt/airflow/dags
[2026-01-09T19:16:07.298+0000] {manager.py:759} INFO - Searching for files in /opt/airflow/dags
[2026-01-09T19:16:07.310+0000] {manager.py:762} INFO - There are 0 files in /opt/airflow/dags
[2026-01-09T19:21:07.298+0000] {manager.py:759} INFO - Searching for files in /opt/airflow/dags
[2026-01-09T19:21:07.392+0000] {manager.py:762} INFO - There are 0 files in /opt/airflow/dags
[2026-01-09T19:26:07.400+0000] {manager.py:759} INFO - Searching for files in /opt/airflow/dags
[2026-01-09T19:26:07.413+0000] {manager.py:762} INFO - There are 0 files in /opt/airflow/dags
[2026-01-09T19:31:08.266+0000] {manager.py:759} INFO - Searching for files in /opt/airflow/dags
[2026-01-09T19:31:08.279+0000] {manager.py:762} INFO - There are 0 files in /opt/airflow/dags
[2026-01-09T19:36:09.121+0000] {manager.py:759} INFO - Searching for files in /opt/airflow/dags
[2026-01-09T19:36:09.161+0000] {manager.py:762} INFO - There are 0 files in /opt/airflow/dags
[2026-01-09T19:41:09.314+0000] {manager.py:759} INFO - Searching for files in /opt/airflow/dags
[2026-01-09T19:41:09.331+0000] {manager.py:762} INFO - There are 0 files in /opt/airflow/dags
[2026-01-09T19:46:10.179+0000] {manager.py:759} INFO - Searching for files in /opt/airflow/dags
[2026-01-09T19:46:10.189+0000] {manager.py:762} INFO - There are 0 files in /opt/airflow/dags
[2026-01-09T19:51:11.050+0000] {manager.py:759} INFO - Searching for files in /opt/airflow/dags
[2026-01-09T19:51:11.062+0000] {manager.py:762} INFO - There are 0 files in /opt/airflow/dags
[2026-01-09T19:56:11.936+0000] {manager.py:759} INFO - Searching for files in /opt/airflow/dags
[2026-01-09T19:56:11.950+0000] {manager.py:762} INFO - There are 0 files in /opt/airflow/dags
[2026-01-09T20:01:12.148+0000] {manager.py:759} INFO - Searching for files in /opt/airflow/dags
[2026-01-09T20:01:12.162+0000] {manager.py:762} INFO - There are 0 files in /opt/airflow/dags
[2026-01-09T20:19:09.434+0000] {manager.py:759} INFO - Searching for files in /opt/airflow/dags
[2026-01-09T20:19:09.481+0000] {manager.py:762} INFO - There are 0 files in /opt/airflow/dags
[2026-01-09T20:52:24.360+0000] {manager.py:759} INFO - Searching for files in /opt/airflow/dags
[2026-01-09T20:52:24.370+0000] {manager.py:762} INFO - There are 0 files in /opt/airflow/dags
[2026-01-09T21:14:29.018+0000] {manager.py:759} INFO - Searching for files in /opt/airflow/dags
[2026-01-09T21:14:29.023+0000] {manager.py:762} INFO - There are 0 files in /opt/airflow/dags
[2026-01-09T21:29:58.535+0000] {manager.py:759} INFO - Searching for files in /opt/airflow/dags
[2026-01-09T21:29:58.538+0000] {manager.py:762} INFO - There are 0 files in /opt/airflow/dags
[2026-01-09T21:38:54.671+0000] {manager.py:759} INFO - Searching for files in /opt/airflow/dags
[2026-01-09T21:38:54.686+0000] {manager.py:762} INFO - There are 0 files in /opt/airflow/dags
[2026-01-09T21:44:23.925+0000] {manager.py:759} INFO - Searching for files in /opt/airflow/dags
[2026-01-09T21:44:23.937+0000] {manager.py:762} INFO - There are 0 files in /opt/airflow/dags
[2026-01-09T21:54:59.829+0000] {manager.py:759} INFO - Searching for files in /opt/airflow/dags
[2026-01-09T21:54:59.832+0000] {manager.py:762} INFO - There are 0 files in /opt/airflow/dags
[2026-01-09T23:05:40.323+0000] {manager.py:759} INFO - Searching for files in /opt/airflow/dags
[2026-01-09T23:05:40.331+0000] {manager.py:762} INFO - There are 0 files in /opt/airflow/dags
[2026-01-09T23:12:45.668+0000] {manager.py:759} INFO - Searching for files in /opt/airflow/dags
[2026-01-09T23:12:45.677+0000] {manager.py:762} INFO - There are 0 files in /opt/airflow/dags
[2026-01-09T23:30:38.676+0000] {manager.py:759} INFO - Searching for files in /opt/airflow/dags
[2026-01-09T23:30:38.688+0000] {manager.py:762} INFO - There are 0 files in /opt/airflow/dags
[2026-01-09T23:37:27.149+0000] {manager.py:759} INFO - Searching for files in /opt/airflow/dags
[2026-01-09T23:37:27.156+0000] {manager.py:762} INFO - There are 0 files in /opt/airflow/dags
[2026-01-09T23:43:06.918+0000] {manager.py:759} INFO - Searching for files in /opt/airflow/dags
[2026-01-09T23:43:06.930+0000] {manager.py:762} INFO - There are 0 files in /opt/airflow/dags
[2026-01-10T00:06:53.264+0000] {manager.py:759} INFO - Searching for files in /opt/airflow/dags
[2026-01-10T00:06:53.270+0000] {manager.py:762} INFO - There are 0 files in /opt/airflow/dags
[2026-01-10T00:13:39.916+0000] {manager.py:759} INFO - Searching for files in /opt/airflow/dags
[2026-01-10T00:13:39.926+0000] {manager.py:762} INFO - There are 0 files in /opt/airflow/dags
[2026-01-10T00:19:04.873+0000] {manager.py:759} INFO - Searching for files in /opt/airflow/dags
[2026-01-10T00:19:04.886+0000] {manager.py:762} INFO - There are 0 files in /opt/airflow/dags
[2026-01-10T00:24:16.392+0000] {manager.py:759} INFO - Searching for files in /opt/airflow/dags
[2026-01-10T00:24:16.405+0000] {manager.py:762} INFO - There are 0 files in /opt/airflow/dags
[2026-01-10T00:32:14.184+0000] {manager.py:759} INFO - Searching for files in /opt/airflow/dags
[2026-01-10T00:32:14.191+0000] {manager.py:762} INFO - There are 0 files in /opt/airflow/dags
[2026-01-10T00:37:31.893+0000] {manager.py:759} INFO - Searching for files in /opt/airflow/dags
[2026-01-10T00:37:31.901+0000] {manager.py:762} INFO - There are 0 files in /opt/airflow/dags
[2026-01-10T00:55:37.476+0000] {manager.py:759} INFO - Searching for files in /opt/airflow/dags
[2026-01-10T00:55:37.484+0000] {manager.py:762} INFO - There are 0 files in /opt/airflow/dags
[2026-01-10T01:22:49.537+0000] {manager.py:759} INFO - Searching for files in /opt/airflow/dags
[2026-01-10T01:22:49.639+0000] {manager.py:762} INFO - There are 0 files in /opt/airflow/dags
[2026-01-10T01:29:25.974+0000] {manager.py:759} INFO - Searching for files in /opt/airflow/dags
[2026-01-10T01:29:26.027+0000] {manager.py:762} INFO - There are 0 files in /opt/airflow/dags
[2026-01-10T01:45:30.486+0000] {manager.py:759} INFO - Searching for files in /opt/airflow/dags
[2026-01-10T01:45:30.503+0000] {manager.py:762} INFO - There are 0 files in /opt/airflow/dags
[2026-01-10T01:55:14.516+0000] {manager.py:759} INFO - Searching for files in /opt/airflow/dags
[2026-01-10T01:55:14.523+0000] {manager.py:762} INFO - There are 0 files in /opt/airflow/dags
[2026-01-10T02:00:15.174+0000] {manager.py:759} INFO - Searching for files in /opt/airflow/dags
[2026-01-10T02:00:15.190+0000] {manager.py:762} INFO - There are 0 files in /opt/airflow/dags
[2026-01-10T02:08:43.585+0000] {manager.py:759} INFO - Searching for files in /opt/airflow/dags
[2026-01-10T02:08:43.599+0000] {manager.py:762} INFO - There are 0 files in /opt/airflow/dags
[2026-01-10T03:09:56.801+0000] {manager.py:759} INFO - Searching for files in /opt/airflow/dags
[2026-01-10T03:09:56.805+0000] {manager.py:762} INFO - There are 0 files in /opt/airflow/dags
[2026-01-10T03:15:39.836+0000] {manager.py:759} INFO - Searching for files in /opt/airflow/dags
[2026-01-10T03:15:39.859+0000] {manager.py:762} INFO - There are 0 files in /opt/airflow/dags
[2026-01-10T03:25:05.322+0000] {manager.py:759} INFO - Searching for files in /opt/airflow/dags
[2026-01-10T03:25:05.328+0000] {manager.py:762} INFO - There are 0 files in /opt/airflow/dags
[2026-01-10T03:38:37.072+0000] {manager.py:759} INFO - Searching for files in /opt/airflow/dags
[2026-01-10T03:38:37.084+0000] {manager.py:762} INFO - There are 0 files in /opt/airflow/dags
[2026-01-10T03:43:37.933+0000] {manager.py:759} INFO - Searching for files in /opt/airflow/dags
[2026-01-10T03:43:37.948+0000] {manager.py:762} INFO - There are 0 files in /opt/airflow/dags
[2026-01-10T04:10:48.392+0000] {manager.py:759} INFO - Searching for files in /opt/airflow/dags
[2026-01-10T04:10:48.399+0000] {manager.py:762} INFO - There are 0 files in /opt/airflow/dags
[2026-01-10T04:17:45.150+0000] {manager.py:759} INFO - Searching for files in /opt/airflow/dags
[2026-01-10T04:17:45.162+0000] {manager.py:762} INFO - There are 0 files in /opt/airflow/dags
[2026-01-10T04:50:16.957+0000] {manager.py:759} INFO - Searching for files in /opt/airflow/dags
[2026-01-10T04:50:16.966+0000] {manager.py:762} INFO - There are 0 files in /opt/airflow/dags
[2026-01-10T04:56:14.095+0000] {manager.py:759} INFO - Searching for files in /opt/airflow/dags
[2026-01-10T04:56:14.113+0000] {manager.py:762} INFO - There are 0 files in /opt/airflow/dags
[2026-01-10T05:01:47.426+0000] {manager.py:759} INFO - Searching for files in /opt/airflow/dags
[2026-01-10T05:01:47.434+0000] {manager.py:762} INFO - There are 0 files in /opt/airflow/dags
[2026-01-10T05:08:55.175+0000] {manager.py:759} INFO - Searching for files in /opt/airflow/dags
[2026-01-10T05:08:55.182+0000] {manager.py:762} INFO - There are 0 files in /opt/airflow/dags
[2026-01-10T05:17:52.796+0000] {manager.py:759} INFO - Searching for files in /opt/airflow/dags
[2026-01-10T05:17:52.802+0000] {manager.py:762} INFO - There are 0 files in /opt/airflow/dags
[2026-01-10T05:52:14.998+0000] {manager.py:759} INFO - Searching for files in /opt/airflow/dags
[2026-01-10T05:52:15.004+0000] {manager.py:762} INFO - There are 0 files in /opt/airflow/dags
[2026-01-10T05:57:15.104+0000] {manager.py:759} INFO - Searching for files in /opt/airflow/dags
[2026-01-10T05:57:15.118+0000] {manager.py:762} INFO - There are 0 files in /opt/airflow/dags
[2026-01-10T06:02:15.121+0000] {manager.py:759} INFO - Searching for files in /opt/airflow/dags
[2026-01-10T06:02:15.139+0000] {manager.py:762} INFO - There are 0 files in /opt/airflow/dags
[2026-01-10T06:07:15.926+0000] {manager.py:759} INFO - Searching for files in /opt/airflow/dags
[2026-01-10T06:07:15.949+0000] {manager.py:762} INFO - There are 0 files in /opt/airflow/dags
[2026-01-10T06:12:16.353+0000] {manager.py:759} INFO - Searching for files in /opt/airflow/dags
[2026-01-10T06:12:16.369+0000] {manager.py:762} INFO - There are 0 files in /opt/airflow/dags
[2026-01-10T06:27:58.856+0000] {manager.py:759} INFO - Searching for files in /opt/airflow/dags
[2026-01-10T06:27:58.864+0000] {manager.py:762} INFO - There are 0 files in /opt/airflow/dags
[2026-01-10T06:37:09.387+0000] {manager.py:759} INFO - Searching for files in /opt/airflow/dags
[2026-01-10T06:37:09.399+0000] {manager.py:762} INFO - There are 0 files in /opt/airflow/dags
[2026-01-10T08:10:23.584+0000] {manager.py:759} INFO - Searching for files in /opt/airflow/dags
[2026-01-10T08:10:23.595+0000] {manager.py:762} INFO - There are 0 files in /opt/airflow/dags
[2026-01-10T09:17:48.370+0000] {manager.py:759} INFO - Searching for files in /opt/airflow/dags
[2026-01-10T09:17:48.382+0000] {manager.py:762} INFO - There are 0 files in /opt/airflow/dags
[2026-01-10T11:01:07.795+0000] {manager.py:759} INFO - Searching for files in /opt/airflow/dags
[2026-01-10T11:01:07.802+0000] {manager.py:762} INFO - There are 0 files in /opt/airflow/dags
[2026-01-10T12:29:30.313+0000] {manager.py:759} INFO - Searching for files in /opt/airflow/dags
[2026-01-10T12:29:30.320+0000] {manager.py:762} INFO - There are 0 files in /opt/airflow/dags
[2026-01-10T13:02:16.789+0000] {manager.py:759} INFO - Searching for files in /opt/airflow/dags
[2026-01-10T13:02:16.805+0000] {manager.py:762} INFO - There are 0 files in /opt/airflow/dags
[2026-01-10T14:03:12.314+0000] {manager.py:759} INFO - Searching for files in /opt/airflow/dags
[2026-01-10T14:03:12.320+0000] {manager.py:762} INFO - There are 0 files in /opt/airflow/dags
[2026-01-10T15:03:56.557+0000] {manager.py:759} INFO - Searching for files in /opt/airflow/dags
[2026-01-10T15:03:56.566+0000] {manager.py:762} INFO - There are 0 files in /opt/airflow/dags
[2026-01-10T15:19:27.912+0000] {manager.py:759} INFO - Searching for files in /opt/airflow/dags
[2026-01-10T15:19:27.932+0000] {manager.py:762} INFO - There are 0 files in /opt/airflow/dags
[2026-01-10T15:31:30.277+0000] {manager.py:759} INFO - Searching for files in /opt/airflow/dags
[2026-01-10T15:31:30.293+0000] {manager.py:762} INFO - There are 0 files in /opt/airflow/dags
[2026-01-10T15:36:30.650+0000] {manager.py:759} INFO - Searching for files in /opt/airflow/dags
[2026-01-10T15:36:30.676+0000] {manager.py:762} INFO - There are 0 files in /opt/airflow/dags
[2026-01-10T15:41:30.805+0000] {manager.py:759} INFO - Searching for files in /opt/airflow/dags
[2026-01-10T15:41:30.827+0000] {manager.py:762} INFO - There are 0 files in /opt/airflow/dags
[2026-01-10T15:46:31.795+0000] {manager.py:759} INFO - Searching for files in /opt/airflow/dags
[2026-01-10T15:46:31.822+0000] {manager.py:762} INFO - There are 0 files in /opt/airflow/dags
[2026-01-10T15:51:32.352+0000] {manager.py:759} INFO - Searching for files in /opt/airflow/dags
[2026-01-10T15:51:32.419+0000] {manager.py:762} INFO - There are 0 files in /opt/airflow/dags
[2026-01-10T15:56:32.761+0000] {manager.py:759} INFO - Searching for files in /opt/airflow/dags
[2026-01-10T15:56:32.781+0000] {manager.py:762} INFO - There are 0 files in /opt/airflow/dags
[2026-01-10T16:01:32.848+0000] {manager.py:759} INFO - Searching for files in /opt/airflow/dags
[2026-01-10T16:01:32.862+0000] {manager.py:762} INFO - There are 0 files in /opt/airflow/dags
[2026-01-10T16:06:33.168+0000] {manager.py:759} INFO - Searching for files in /opt/airflow/dags
[2026-01-10T16:06:33.179+0000] {manager.py:762} INFO - There are 0 files in /opt/airflow/dags
[2026-01-10T16:11:33.410+0000] {manager.py:759} INFO - Searching for files in /opt/airflow/dags
[2026-01-10T16:11:33.418+0000] {manager.py:762} INFO - There are 0 files in /opt/airflow/dags
[2026-01-10T16:45:21.426+0000] {manager.py:759} INFO - Searching for files in /opt/airflow/dags
[2026-01-10T16:45:21.433+0000] {manager.py:762} INFO - There are 0 files in /opt/airflow/dags
[2026-01-10T16:50:21.467+0000] {manager.py:759} INFO - Searching for files in /opt/airflow/dags
[2026-01-10T16:50:21.551+0000] {manager.py:762} INFO - There are 0 files in /opt/airflow/dags
[2026-01-10T17:00:43.470+0000] {manager.py:759} INFO - Searching for files in /opt/airflow/dags
[2026-01-10T17:00:43.478+0000] {manager.py:762} INFO - There are 0 files in /opt/airflow/dags
[2026-01-10T17:29:22.933+0000] {manager.py:759} INFO - Searching for files in /opt/airflow/dags
[2026-01-10T17:29:22.939+0000] {manager.py:762} INFO - There are 0 files in /opt/airflow/dags
[2026-01-10T17:38:15.684+0000] {manager.py:759} INFO - Searching for files in /opt/airflow/dags
[2026-01-10T17:38:15.690+0000] {manager.py:762} INFO - There are 0 files in /opt/airflow/dags
[2026-01-10T17:43:16.329+0000] {manager.py:759} INFO - Searching for files in /opt/airflow/dags
[2026-01-10T17:43:16.438+0000] {manager.py:762} INFO - There are 0 files in /opt/airflow/dags
[2026-01-10T17:48:16.653+0000] {manager.py:759} INFO - Searching for files in /opt/airflow/dags
[2026-01-10T17:48:16.675+0000] {manager.py:762} INFO - There are 0 files in /opt/airflow/dags
[2026-01-10T17:53:16.986+0000] {manager.py:759} INFO - Searching for files in /opt/airflow/dags
[2026-01-10T17:53:17.003+0000] {manager.py:762} INFO - There are 0 files in /opt/airflow/dags
[2026-01-10T17:58:16.999+0000] {manager.py:759} INFO - Searching for files in /opt/airflow/dags
[2026-01-10T17:58:17.012+0000] {manager.py:762} INFO - There are 0 files in /opt/airflow/dags
[2026-01-10T18:03:17.427+0000] {manager.py:759} INFO - Searching for files in /opt/airflow/dags
[2026-01-10T18:03:17.442+0000] {manager.py:762} INFO - There are 0 files in /opt/airflow/dags
[2026-01-10T18:13:00.391+0000] {manager.py:759} INFO - Searching for files in /opt/airflow/dags
[2026-01-10T18:13:00.400+0000] {manager.py:762} INFO - There are 0 files in /opt/airflow/dags
[2026-01-10T18:19:23.970+0000] {manager.py:759} INFO - Searching for files in /opt/airflow/dags
[2026-01-10T18:19:24.022+0000] {manager.py:762} INFO - There are 0 files in /opt/airflow/dags
[2026-01-10T18:24:24.940+0000] {manager.py:759} INFO - Searching for files in /opt/airflow/dags
[2026-01-10T18:24:24.951+0000] {manager.py:762} INFO - There are 0 files in /opt/airflow/dags
[2026-01-10T18:29:43.502+0000] {manager.py:759} INFO - Searching for files in /opt/airflow/dags
[2026-01-10T18:29:43.512+0000] {manager.py:762} INFO - There are 0 files in /opt/airflow/dags
[2026-01-10T18:36:33.458+0000] {manager.py:759} INFO - Searching for files in /opt/airflow/dags
[2026-01-10T18:36:33.472+0000] {manager.py:762} INFO - There are 0 files in /opt/airflow/dags
[2026-01-10T18:42:04.494+0000] {manager.py:759} INFO - Searching for files in /opt/airflow/dags
[2026-01-10T18:42:04.511+0000] {manager.py:762} INFO - There are 0 files in /opt/airflow/dags
[2026-01-10T18:52:31.876+0000] {manager.py:759} INFO - Searching for files in /opt/airflow/dags
[2026-01-10T18:52:31.886+0000] {manager.py:762} INFO - There are 0 files in /opt/airflow/dags
[2026-01-10T19:12:50.899+0000] {manager.py:759} INFO - Searching for files in /opt/airflow/dags
[2026-01-10T19:12:50.907+0000] {manager.py:762} INFO - There are 0 files in /opt/airflow/dags
[2026-01-10T19:26:35.682+0000] {manager.py:759} INFO - Searching for files in /opt/airflow/dags
[2026-01-10T19:26:35.702+0000] {manager.py:762} INFO - There are 0 files in /opt/airflow/dags
[2026-01-10T19:31:36.143+0000] {manager.py:759} INFO - Searching for files in /opt/airflow/dags
[2026-01-10T19:31:36.159+0000] {manager.py:762} INFO - There are 0 files in /opt/airflow/dags
[2026-01-10T19:38:16.583+0000] {manager.py:759} INFO - Searching for files in /opt/airflow/dags
[2026-01-10T19:38:16.605+0000] {manager.py:762} INFO - There are 0 files in /opt/airflow/dags
[2026-01-10T19:44:01.674+0000] {manager.py:759} INFO - Searching for files in /opt/airflow/dags
[2026-01-10T19:44:01.682+0000] {manager.py:762} INFO - There are 0 files in /opt/airflow/dags
[2026-01-10T19:51:36.430+0000] {manager.py:759} INFO - Searching for files in /opt/airflow/dags
[2026-01-10T19:51:36.439+0000] {manager.py:762} INFO - There are 0 files in /opt/airflow/dags
[2026-01-10T19:57:27.943+0000] {manager.py:759} INFO - Searching for files in /opt/airflow/dags
[2026-01-10T19:57:27.955+0000] {manager.py:762} INFO - There are 0 files in /opt/airflow/dags
[2026-01-10T20:20:43.601+0000] {manager.py:759} INFO - Searching for files in /opt/airflow/dags
[2026-01-10T20:20:43.610+0000] {manager.py:762} INFO - There are 0 files in /opt/airflow/dags
[2026-01-10T20:25:44.280+0000] {manager.py:759} INFO - Searching for files in /opt/airflow/dags
[2026-01-10T20:25:44.301+0000] {manager.py:762} INFO - There are 0 files in /opt/airflow/dags
[2026-01-10T20:32:10.688+0000] {manager.py:759} INFO - Searching for files in /opt/airflow/dags
[2026-01-10T20:32:10.694+0000] {manager.py:762} INFO - There are 0 files in /opt/airflow/dags
[2026-01-10T20:47:47.618+0000] {manager.py:759} INFO - Searching for files in /opt/airflow/dags
[2026-01-10T20:47:47.627+0000] {manager.py:762} INFO - There are 0 files in /opt/airflow/dags
[2026-01-10T20:53:55.599+0000] {manager.py:759} INFO - Searching for files in /opt/airflow/dags
[2026-01-10T20:53:55.627+0000] {manager.py:762} INFO - There are 0 files in /opt/airflow/dags
[2026-01-10T21:00:27.967+0000] {manager.py:759} INFO - Searching for files in /opt/airflow/dags
[2026-01-10T21:00:27.977+0000] {manager.py:762} INFO - There are 0 files in /opt/airflow/dags
[2026-01-10T21:19:58.767+0000] {manager.py:759} INFO - Searching for files in /opt/airflow/dags
[2026-01-10T21:19:58.793+0000] {manager.py:762} INFO - There are 0 files in /opt/airflow/dags
[2026-01-10T21:25:45.400+0000] {manager.py:759} INFO - Searching for files in /opt/airflow/dags
[2026-01-10T21:25:45.420+0000] {manager.py:762} INFO - There are 0 files in /opt/airflow/dags
[2026-01-10T21:30:46.275+0000] {manager.py:759} INFO - Searching for files in /opt/airflow/dags
[2026-01-10T21:30:46.291+0000] {manager.py:762} INFO - There are 0 files in /opt/airflow/dags
[2026-01-10T21:35:46.510+0000] {manager.py:759} INFO - Searching for files in /opt/airflow/dags
[2026-01-10T21:35:46.527+0000] {manager.py:762} INFO - There are 0 files in /opt/airflow/dags
[2026-01-10T21:40:47.405+0000] {manager.py:759} INFO - Searching for files in /opt/airflow/dags
[2026-01-10T21:40:47.498+0000] {manager.py:762} INFO - There are 0 files in /opt/airflow/dags
[2026-01-10T21:45:48.345+0000] {manager.py:759} INFO - Searching for files in /opt/airflow/dags
[2026-01-10T21:45:48.351+0000] {manager.py:762} INFO - There are 0 files in /opt/airflow/dags
[2026-01-10T21:50:48.502+0000] {manager.py:759} INFO - Searching for files in /opt/airflow/dags
[2026-01-10T21:50:48.512+0000] {manager.py:762} INFO - There are 0 files in /opt/airflow/dags
[2026-01-10T21:55:48.568+0000] {manager.py:759} INFO - Searching for files in /opt/airflow/dags
[2026-01-10T21:55:48.578+0000] {manager.py:762} INFO - There are 0 files in /opt/airflow/dags
[2026-01-10T22:00:48.990+0000] {manager.py:759} INFO - Searching for files in /opt/airflow/dags
[2026-01-10T22:00:49.002+0000] {manager.py:762} INFO - There are 0 files in /opt/airflow/dags
[2026-01-10T22:17:35.624+0000] {manager.py:759} INFO - Searching for files in /opt/airflow/dags
[2026-01-10T22:17:35.635+0000] {manager.py:762} INFO - There are 0 files in /opt/airflow/dags
[2026-01-10T22:23:31.181+0000] {manager.py:759} INFO - Searching for files in /opt/airflow/dags
[2026-01-10T22:23:31.189+0000] {manager.py:762} INFO - There are 0 files in /opt/airflow/dags
[2026-01-10T22:32:47.093+0000] {manager.py:759} INFO - Searching for files in /opt/airflow/dags
[2026-01-10T22:32:47.098+0000] {manager.py:762} INFO - There are 0 files in /opt/airflow/dags
[2026-01-10T22:38:11.609+0000] {manager.py:759} INFO - Searching for files in /opt/airflow/dags
[2026-01-10T22:38:11.619+0000] {manager.py:762} INFO - There are 0 files in /opt/airflow/dags
[2026-01-10T22:53:42.228+0000] {manager.py:759} INFO - Searching for files in /opt/airflow/dags
[2026-01-10T22:53:42.235+0000] {manager.py:762} INFO - There are 0 files in /opt/airflow/dags
[2026-01-10T23:24:14.448+0000] {manager.py:759} INFO - Searching for files in /opt/airflow/dags
[2026-01-10T23:24:14.457+0000] {manager.py:762} INFO - There are 0 files in /opt/airflow/dags
[2026-01-10T23:47:34.732+0000] {manager.py:759} INFO - Searching for files in /opt/airflow/dags
[2026-01-10T23:47:34.752+0000] {manager.py:762} INFO - There are 0 files in /opt/airflow/dags
[2026-01-10T23:55:17.654+0000] {manager.py:759} INFO - Searching for files in /opt/airflow/dags
[2026-01-10T23:55:17.663+0000] {manager.py:762} INFO - There are 0 files in /opt/airflow/dags
[2026-01-11T00:56:31.546+0000] {manager.py:759} INFO - Searching for files in /opt/airflow/dags
[2026-01-11T00:56:31.584+0000] {manager.py:762} INFO - There are 0 files in /opt/airflow/dags
[2026-01-11T01:02:14.597+0000] {manager.py:759} INFO - Searching for files in /opt/airflow/dags
[2026-01-11T01:02:14.618+0000] {manager.py:762} INFO - There are 0 files in /opt/airflow/dags
[2026-01-11T01:07:15.451+0000] {manager.py:759} INFO - Searching for files in /opt/airflow/dags
[2026-01-11T01:07:15.537+0000] {manager.py:762} INFO - There are 0 files in /opt/airflow/dags
[2026-01-11T01:12:15.503+0000] {manager.py:759} INFO - Searching for files in /opt/airflow/dags
[2026-01-11T01:12:15.531+0000] {manager.py:762} INFO - There are 0 files in /opt/airflow/dags
[2026-01-11T01:17:16.039+0000] {manager.py:759} INFO - Searching for files in /opt/airflow/dags
[2026-01-11T01:17:16.056+0000] {manager.py:762} INFO - There are 0 files in /opt/airflow/dags
[2026-01-11T01:22:16.932+0000] {manager.py:759} INFO - Searching for files in /opt/airflow/dags
[2026-01-11T01:22:16.945+0000] {manager.py:762} INFO - There are 0 files in /opt/airflow/dags
[2026-01-11T01:27:17.677+0000] {manager.py:759} INFO - Searching for files in /opt/airflow/dags
[2026-01-11T01:27:17.731+0000] {manager.py:762} INFO - There are 0 files in /opt/airflow/dags
[2026-01-11T01:32:18.599+0000] {manager.py:759} INFO - Searching for files in /opt/airflow/dags
[2026-01-11T01:32:18.612+0000] {manager.py:762} INFO - There are 0 files in /opt/airflow/dags
[2026-01-11T01:37:19.030+0000] {manager.py:759} INFO - Searching for files in /opt/airflow/dags
[2026-01-11T01:37:19.038+0000] {manager.py:762} INFO - There are 0 files in /opt/airflow/dags
[2026-01-11T01:42:19.583+0000] {manager.py:759} INFO - Searching for files in /opt/airflow/dags
[2026-01-11T01:42:19.596+0000] {manager.py:762} INFO - There are 0 files in /opt/airflow/dags
[2026-01-11T01:47:19.947+0000] {manager.py:759} INFO - Searching for files in /opt/airflow/dags
[2026-01-11T01:47:19.960+0000] {manager.py:762} INFO - There are 0 files in /opt/airflow/dags
[2026-01-11T01:52:20.906+0000] {manager.py:759} INFO - Searching for files in /opt/airflow/dags
[2026-01-11T01:52:20.918+0000] {manager.py:762} INFO - There are 0 files in /opt/airflow/dags
[2026-01-11T01:57:21.118+0000] {manager.py:759} INFO - Searching for files in /opt/airflow/dags
[2026-01-11T01:57:21.129+0000] {manager.py:762} INFO - There are 0 files in /opt/airflow/dags
[2026-01-11T02:02:21.567+0000] {manager.py:759} INFO - Searching for files in /opt/airflow/dags
[2026-01-11T02:02:21.578+0000] {manager.py:762} INFO - There are 0 files in /opt/airflow/dags
[2026-01-11T02:07:21.718+0000] {manager.py:759} INFO - Searching for files in /opt/airflow/dags
[2026-01-11T02:07:21.728+0000] {manager.py:762} INFO - There are 0 files in /opt/airflow/dags
[2026-01-11T02:12:21.990+0000] {manager.py:759} INFO - Searching for files in /opt/airflow/dags
[2026-01-11T02:12:22.002+0000] {manager.py:762} INFO - There are 0 files in /opt/airflow/dags
[2026-01-11T02:17:22.472+0000] {manager.py:759} INFO - Searching for files in /opt/airflow/dags
[2026-01-11T02:17:22.482+0000] {manager.py:762} INFO - There are 0 files in /opt/airflow/dags
[2026-01-11T02:22:22.588+0000] {manager.py:759} INFO - Searching for files in /opt/airflow/dags
[2026-01-11T02:22:22.600+0000] {manager.py:762} INFO - There are 0 files in /opt/airflow/dags
[2026-01-11T02:27:23.048+0000] {manager.py:759} INFO - Searching for files in /opt/airflow/dags
[2026-01-11T02:27:23.062+0000] {manager.py:762} INFO - There are 0 files in /opt/airflow/dags
[2026-01-11T02:32:23.387+0000] {manager.py:759} INFO - Searching for files in /opt/airflow/dags
[2026-01-11T02:32:23.401+0000] {manager.py:762} INFO - There are 0 files in /opt/airflow/dags
[2026-01-11T02:37:23.929+0000] {manager.py:759} INFO - Searching for files in /opt/airflow/dags
[2026-01-11T02:37:23.938+0000] {manager.py:762} INFO - There are 0 files in /opt/airflow/dags
[2026-01-11T02:42:24.320+0000] {manager.py:759} INFO - Searching for files in /opt/airflow/dags
[2026-01-11T02:42:24.330+0000] {manager.py:762} INFO - There are 0 files in /opt/airflow/dags
[2026-01-11T02:47:24.379+0000] {manager.py:759} INFO - Searching for files in /opt/airflow/dags
[2026-01-11T02:47:24.388+0000] {manager.py:762} INFO - There are 0 files in /opt/airflow/dags
[2026-01-11T02:52:24.555+0000] {manager.py:759} INFO - Searching for files in /opt/airflow/dags
[2026-01-11T02:52:24.568+0000] {manager.py:762} INFO - There are 0 files in /opt/airflow/dags
[2026-01-11T02:57:24.999+0000] {manager.py:759} INFO - Searching for files in /opt/airflow/dags
[2026-01-11T02:57:25.012+0000] {manager.py:762} INFO - There are 0 files in /opt/airflow/dags
[2026-01-11T03:02:25.205+0000] {manager.py:759} INFO - Searching for files in /opt/airflow/dags
[2026-01-11T03:02:25.217+0000] {manager.py:762} INFO - There are 0 files in /opt/airflow/dags
[2026-01-11T03:07:25.752+0000] {manager.py:759} INFO - Searching for files in /opt/airflow/dags
[2026-01-11T03:07:25.765+0000] {manager.py:762} INFO - There are 0 files in /opt/airflow/dags
[2026-01-11T03:12:26.203+0000] {manager.py:759} INFO - Searching for files in /opt/airflow/dags
[2026-01-11T03:12:26.212+0000] {manager.py:762} INFO - There are 0 files in /opt/airflow/dags
[2026-01-11T03:17:26.580+0000] {manager.py:759} INFO - Searching for files in /opt/airflow/dags
[2026-01-11T03:17:26.588+0000] {manager.py:762} INFO - There are 0 files in /opt/airflow/dags
[2026-01-11T03:22:26.866+0000] {manager.py:759} INFO - Searching for files in /opt/airflow/dags
[2026-01-11T03:22:26.889+0000] {manager.py:762} INFO - There are 0 files in /opt/airflow/dags
[2026-01-11T03:27:27.426+0000] {manager.py:759} INFO - Searching for files in /opt/airflow/dags
[2026-01-11T03:27:27.440+0000] {manager.py:762} INFO - There are 0 files in /opt/airflow/dags
[2026-01-11T03:47:12.853+0000] {manager.py:759} INFO - Searching for files in /opt/airflow/dags
[2026-01-11T03:47:12.899+0000] {manager.py:762} INFO - There are 0 files in /opt/airflow/dags
[2026-01-11T04:09:51.451+0000] {manager.py:759} INFO - Searching for files in /opt/airflow/dags
[2026-01-11T04:09:51.468+0000] {manager.py:762} INFO - There are 0 files in /opt/airflow/dags
[2026-01-11T04:25:24.044+0000] {manager.py:759} INFO - Searching for files in /opt/airflow/dags
[2026-01-11T04:25:24.053+0000] {manager.py:762} INFO - There are 0 files in /opt/airflow/dags
[2026-01-11T04:45:07.314+0000] {manager.py:759} INFO - Searching for files in /opt/airflow/dags
[2026-01-11T04:45:07.331+0000] {manager.py:762} INFO - There are 0 files in /opt/airflow/dags
[2026-01-11T05:09:10.958+0000] {manager.py:759} INFO - Searching for files in /opt/airflow/dags
[2026-01-11T05:09:10.968+0000] {manager.py:762} INFO - There are 0 files in /opt/airflow/dags
